<?xml version="1.0" encoding="UTF-8"?>
<!-- Generated by org.testng.reporters.JUnitXMLReporter -->
<testsuite ignored="2" hostname="DESKTOP-SB77N2B" failures="0" tests="1" name="Default test" time="0.071" errors="0" timestamp="2023-05-08T16:38:09 IST">
  <testcase classname="testcase.ControlFind" name="array" time="0.019"/>
  <testcase classname="testcase.ControlFind" name="main" time="0.0">
    <ignored/>
  </testcase> <!-- main -->
  <testcase classname="testcase.ControlFind" name="keyboardFunction" time="0.0">
    <ignored/>
  </testcase> <!-- keyboardFunction -->
</testsuite> <!-- Default test -->
