<?xml version="1.0" encoding="UTF-8"?>
<testng-results ignored="0" total="1" passed="1" failed="0" skipped="0">
  <reporter-output>
  </reporter-output>
  <suite started-at="2023-05-31T14:46:32 IST" name="Default suite" finished-at="2023-05-31T14:46:36 IST" duration-ms="4327">
    <groups>
    </groups>
    <test started-at="2023-05-31T14:46:32 IST" name="Default test" finished-at="2023-05-31T14:46:36 IST" duration-ms="4327">
      <class name="programfile.Programs1">
        <test-method signature="main()[pri:0, instance:programfile.Programs1@4f83df68]" started-at="2023-05-31T14:46:32 IST" name="main" finished-at="2023-05-31T14:46:36 IST" duration-ms="4289" status="PASS">
          <reporter-output>
          </reporter-output>
        </test-method> <!-- main -->
      </class> <!-- programfile.Programs1 -->
    </test> <!-- Default test -->
  </suite> <!-- Default suite -->
</testng-results>
