<?xml version="1.0" encoding="UTF-8"?>
<testng-results ignored="0" total="1" passed="1" failed="0" skipped="0">
  <reporter-output>
  </reporter-output>
  <suite started-at="2023-05-29T12:15:35 IST" name="Default suite" finished-at="2023-05-29T12:17:02 IST" duration-ms="86520">
    <groups>
    </groups>
    <test started-at="2023-05-29T12:15:35 IST" name="Default test" finished-at="2023-05-29T12:17:02 IST" duration-ms="86520">
      <class name="testfile.CreateContactsTestFile">
        <test-method is-config="true" signature="setup(org.testng.ITestContext)[pri:0, instance:testfile.CreateContactsTestFile@28701274]" started-at="2023-05-29T12:15:33 IST" name="setup" finished-at="2023-05-29T12:15:35 IST" duration-ms="2489" status="PASS">
          <params>
            <param index="0">
              <value>
                <![CDATA[org.testng.TestRunner@12e5da86]]>
              </value>
            </param>
          </params>
          <reporter-output>
          </reporter-output>
        </test-method> <!-- setup -->
        <test-method signature="verifyCreateContactFunctionality()[pri:0, instance:testfile.CreateContactsTestFile@28701274]" started-at="2023-05-29T12:15:36 IST" name="verifyCreateContactFunctionality" finished-at="2023-05-29T12:17:02 IST" duration-ms="86444" status="PASS">
          <reporter-output>
          </reporter-output>
        </test-method> <!-- verifyCreateContactFunctionality -->
        <test-method is-config="true" signature="tearDown()[pri:0, instance:testfile.CreateContactsTestFile@28701274]" started-at="2023-05-29T12:17:02 IST" name="tearDown" finished-at="2023-05-29T12:17:03 IST" duration-ms="499" status="PASS">
          <reporter-output>
          </reporter-output>
        </test-method> <!-- tearDown -->
      </class> <!-- testfile.CreateContactsTestFile -->
    </test> <!-- Default test -->
  </suite> <!-- Default suite -->
</testng-results>
